[debug] [2025-03-25T10:02:53.381Z] ----------------------------------------------------------------------
[debug] [2025-03-25T10:02:53.384Z] Command:       C:\Program Files\nodejs\node.exe C:\Users\황우상\AppData\Roaming\npm\node_modules\firebase-tools\lib\bin\firebase.js deploy
[debug] [2025-03-25T10:02:53.385Z] CLI Version:   13.35.1
[debug] [2025-03-25T10:02:53.385Z] Platform:      win32
[debug] [2025-03-25T10:02:53.385Z] Node Version:  v20.11.1
[debug] [2025-03-25T10:02:53.385Z] Time:          Tue Mar 25 2025 17:02:53 GMT+0700 (Indochina Time)
[debug] [2025-03-25T10:02:53.385Z] ----------------------------------------------------------------------
[debug] 
[debug] [2025-03-25T10:02:53.590Z] > command requires scopes: ["email","openid","https://www.googleapis.com/auth/cloudplatformprojects.readonly","https://www.googleapis.com/auth/firebase","https://www.googleapis.com/auth/cloud-platform"]
[debug] [2025-03-25T10:02:53.590Z] > authorizing via signed-in user (contact.webixx@gmail.com)
[debug] [2025-03-25T10:02:53.590Z] [iam] checking project myofficedemoversion7 for permissions ["firebase.projects.get","firebasehosting.sites.update"]
[debug] [2025-03-25T10:02:53.592Z] Checked if tokens are valid: true, expires at: 1742900101634
[debug] [2025-03-25T10:02:53.592Z] Checked if tokens are valid: true, expires at: 1742900101634
[debug] [2025-03-25T10:02:53.593Z] >>> [apiv2][query] POST https://cloudresourcemanager.googleapis.com/v1/projects/myofficedemoversion7:testIamPermissions [none]
[debug] [2025-03-25T10:02:53.593Z] >>> [apiv2][(partial)header] POST https://cloudresourcemanager.googleapis.com/v1/projects/myofficedemoversion7:testIamPermissions x-goog-quota-user=projects/myofficedemoversion7
[debug] [2025-03-25T10:02:53.594Z] >>> [apiv2][body] POST https://cloudresourcemanager.googleapis.com/v1/projects/myofficedemoversion7:testIamPermissions {"permissions":["firebase.projects.get","firebasehosting.sites.update"]}
[debug] [2025-03-25T10:02:54.660Z] <<< [apiv2][status] POST https://cloudresourcemanager.googleapis.com/v1/projects/myofficedemoversion7:testIamPermissions 200
[debug] [2025-03-25T10:02:54.660Z] <<< [apiv2][body] POST https://cloudresourcemanager.googleapis.com/v1/projects/myofficedemoversion7:testIamPermissions {"permissions":["firebase.projects.get","firebasehosting.sites.update"]}
[debug] [2025-03-25T10:02:54.661Z] Checked if tokens are valid: true, expires at: 1742900101634
[debug] [2025-03-25T10:02:54.661Z] Checked if tokens are valid: true, expires at: 1742900101634
[debug] [2025-03-25T10:02:54.661Z] >>> [apiv2][query] GET https://firebase.googleapis.com/v1beta1/projects/myofficedemoversion7 [none]
[debug] [2025-03-25T10:02:55.105Z] <<< [apiv2][status] GET https://firebase.googleapis.com/v1beta1/projects/myofficedemoversion7 200
[debug] [2025-03-25T10:02:55.105Z] <<< [apiv2][body] GET https://firebase.googleapis.com/v1beta1/projects/myofficedemoversion7 {"projectId":"myofficedemoversion7","projectNumber":"264807654020","displayName":"reactdemo","name":"projects/myofficedemoversion7","resources":{"hostingSite":"myofficedemoversion7"},"state":"ACTIVE","etag":"1_3f340546-2759-4173-9408-f085c043a043"}
[info] 
   Thank you for trying our early preview of Next.js support on Firebase Hosting.
   During the preview, support is best-effort and breaking changes can be expected. Proceed with caution.
   The integration is known to work with Next.js version 12 - 15.0. You may encounter errors.

   Documentation: https://firebase.google.com/docs/hosting/frameworks/nextjs
   File a bug: https://github.com/firebase/firebase-tools/issues/new?template=bug_report.md
   Submit a feature request: https://github.com/firebase/firebase-tools/issues/new?template=feature_request.md

   We'd love to learn from you. Express your interest in helping us shape the future of Firebase Hosting: https://goo.gle/41enW5X

[debug] [2025-03-25T10:03:06.204Z] Checked if tokens are valid: true, expires at: 1742900101634
[debug] [2025-03-25T10:03:06.205Z] Checked if tokens are valid: true, expires at: 1742900101634
[debug] [2025-03-25T10:03:06.205Z] >>> [apiv2][query] GET https://firebasehosting.googleapis.com/v1beta1/projects/myofficedemoversion7/sites/myofficedemoversion7 [none]
[debug] [2025-03-25T10:03:06.816Z] <<< [apiv2][status] GET https://firebasehosting.googleapis.com/v1beta1/projects/myofficedemoversion7/sites/myofficedemoversion7 200
[debug] [2025-03-25T10:03:06.816Z] <<< [apiv2][body] GET https://firebasehosting.googleapis.com/v1beta1/projects/myofficedemoversion7/sites/myofficedemoversion7 {"name":"projects/myofficedemoversion7/sites/myofficedemoversion7","defaultUrl":"https://myofficedemoversion7.web.app","type":"DEFAULT_SITE"}
[info]    ▲ Next.js 15.1.7

[info] 

[info]    Creating an optimized production build ...

[info] ^C
